#
# There is insufficient memory for the Java Runtime Environment to continue.
# Native memory allocation (malloc) failed to allocate 524288 bytes for AllocateHeap
# Possible reasons:
#   The system is out of physical RAM or swap space
#   The process is running with CompressedOops enabled, and the Java Heap may be blocking the growth of the native heap
# Possible solutions:
#   Reduce memory load on the system
#   Increase physical memory or swap space
#   Check if swap backing store is full
#   Decrease Java heap size (-Xmx/-Xms)
#   Decrease number of Java threads
#   Decrease Java thread stack sizes (-Xss)
#   Set larger code cache with -XX:ReservedCodeCacheSize=
#   JVM is running with Unscaled Compressed Oops mode in which the Java heap is
#     placed in the first 4GB address space. The Java Heap base address is the
#     maximum limit for the native heap growth. Please use -XX:HeapBaseMinAddress
#     to set the Java Heap base and to place the Java Heap above 4GB virtual address.
# This output file may be truncated or incomplete.
#
#  Out of Memory Error (./src/hotspot/share/memory/allocation.cpp:46), pid=548, tid=4736
#
# JRE version:  (11.0.8+10) (build )
# Java VM: OpenJDK 64-Bit Server VM (11.0.8+10-b944.34, mixed mode, tiered, compressed oops, g1 gc, windows-amd64)
# No core dump will be written. Minidumps are not enabled by default on client versions of Windows
#

---------------  S U M M A R Y ------------

Command Line: org.jetbrains.git4idea.http.GitAskPassApp Username for 'https://github.com': 

Host: Intel(R) Core(TM) i7-3520M CPU @ 2.90GHz, 4 cores, 7G,  Windows 10 , 64 bit Build 19041 (10.0.19041.662)
Time: Mon Jan  4 17:23:15 2021 Paris, Madrid elapsed time: 0 seconds (0d 0h 0m 0s)

---------------  T H R E A D  ---------------

Current thread (0x000001a7c282c800):  JavaThread "Unknown thread" [_thread_in_vm, id=4736, stack(0x0000004330000000,0x0000004330100000)]

Stack: [0x0000004330000000,0x0000004330100000]
Native frames: (J=compiled Java code, j=interpreted, Vv=VM code, C=native code)
V  [jvm.dll+0x5de35a]
V  [jvm.dll+0x712355]
V  [jvm.dll+0x7138ad]
V  [jvm.dll+0x713f63]
V  [jvm.dll+0x23e628]
V  [jvm.dll+0xb0334]
V  [jvm.dll+0x66ceff]
V  [jvm.dll+0x66ce97]
V  [jvm.dll+0x66d01a]
V  [jvm.dll+0x6f0612]
V  [jvm.dll+0x6f2a37]
V  [jvm.dll+0x3558f9]
V  [jvm.dll+0x6d492e]
V  [jvm.dll+0x3bdad3]
V  [jvm.dll+0x3bfd01]
C  [jli.dll+0x5373]
C  [ucrtbase.dll+0x214c2]
C  [KERNEL32.DLL+0x17034]
C  [ntdll.dll+0x4d0d1]


---------------  P R O C E S S  ---------------

Threads class SMR info:
_java_thread_list=0x000001a7c25d3630, length=0, elements={
}

Java Threads: ( => current thread )

Other Threads:
  0x000001a7c2844000 GCTaskThread "GC Thread#0" [stack: 0x0000004330200000,0x0000004330300000] [id=860]
  0x000001a7c2877000 ConcurrentGCThread "G1 Main Marker" [stack: 0x0000004330300000,0x0000004330400000] [id=16328]
  0x000001a7c2878000 ConcurrentGCThread "G1 Conc#0" [stack: 0x0000004330400000,0x0000004330500000] [id=17244]
  0x000001a7c2909000 ConcurrentGCThread "G1 Refine#0" [stack: 0x0000004330500000,0x0000004330600000] [id=25300]
  0x000001a7c290a000 ConcurrentGCThread "G1 Young RemSet Sampling" [stack: 0x0000004330600000,0x0000004330700000] [id=5052]

=>0x000001a7c282c800 (exited) JavaThread "Unknown thread" [_thread_in_vm, id=4736, stack(0x0000004330000000,0x0000004330100000)]

Threads with active compile tasks:

VM state:not at safepoint (not fully initialized)

VM Mutex/Monitor currently owned by a thread: None

Heap address: 0x0000000081800000, size: 2024 MB, Compressed Oops mode: 32-bit
Narrow klass base: 0x0000000000000000, Narrow klass shift: 3
Compressed class space size: 1073741824 Address: 0x0000000100000000

GC Heap History (0 events):
No events

Deoptimization events (0 events):
No events

Classes redefined (0 events):
No events

Internal exceptions (0 events):
No events

Events (1 events):
Event: 0.035 Loaded shared library E:\Apps\windows\dev\WebStorm 2020.2.3\jbr\bin\zip.dll


Dynamic libraries:
0x00007ff7206a0000 - 0x00007ff7206aa000 	E:\Apps\windows\dev\WebStorm 2020.2.3\jbr\bin\java.exe
0x00007ffc46690000 - 0x00007ffc46886000 	C:\Windows\SYSTEM32\ntdll.dll
0x00007ffc460a0000 - 0x00007ffc4615d000 	C:\Windows\System32\KERNEL32.DLL
0x00007ffc44140000 - 0x00007ffc44409000 	C:\Windows\System32\KERNELBASE.dll
0x00007ffc43dd0000 - 0x00007ffc43ed0000 	C:\Windows\System32\ucrtbase.dll
0x00007ffc21430000 - 0x00007ffc21449000 	E:\Apps\windows\dev\WebStorm 2020.2.3\jbr\bin\jli.dll
0x00007ffc45f00000 - 0x00007ffc460a0000 	C:\Windows\System32\USER32.dll
0x00007ffc43fb0000 - 0x00007ffc43fd2000 	C:\Windows\System32\win32u.dll
0x00007ffc45280000 - 0x00007ffc452aa000 	C:\Windows\System32\GDI32.dll
0x00007ffc44530000 - 0x00007ffc44639000 	C:\Windows\System32\gdi32full.dll
0x00007ffc44490000 - 0x00007ffc4452d000 	C:\Windows\System32\msvcp_win.dll
0x00007ffc34af0000 - 0x00007ffc34d8b000 	C:\Windows\WinSxS\amd64_microsoft.windows.common-controls_6595b64144ccf1df_6.0.19041.488_none_ca04af081b815d21\COMCTL32.dll
0x00007ffc45e60000 - 0x00007ffc45efe000 	C:\Windows\System32\msvcrt.dll
0x00007ffc1dc60000 - 0x00007ffc1dc77000 	E:\Apps\windows\dev\WebStorm 2020.2.3\jbr\bin\VCRUNTIME140.dll
0x00007ffc45480000 - 0x00007ffc454b0000 	C:\Windows\System32\IMM32.DLL
0x00007ffc10d00000 - 0x00007ffc10d9d000 	E:\Apps\windows\dev\WebStorm 2020.2.3\jbr\bin\msvcp140.dll
0x00007ffbff1c0000 - 0x00007ffbffc7d000 	E:\Apps\windows\dev\WebStorm 2020.2.3\jbr\bin\server\jvm.dll
0x00007ffc452b0000 - 0x00007ffc4535c000 	C:\Windows\System32\ADVAPI32.dll
0x00007ffc44780000 - 0x00007ffc4481c000 	C:\Windows\System32\sechost.dll
0x00007ffc46520000 - 0x00007ffc4664b000 	C:\Windows\System32\RPCRT4.dll
0x00007ffc46510000 - 0x00007ffc46518000 	C:\Windows\System32\PSAPI.DLL
0x00007ffc2e2a0000 - 0x00007ffc2e2a9000 	C:\Windows\SYSTEM32\WSOCK32.dll
0x00007ffc45c00000 - 0x00007ffc45c6b000 	C:\Windows\System32\WS2_32.dll
0x00007ffc34f40000 - 0x00007ffc34f67000 	C:\Windows\SYSTEM32\WINMM.dll
0x00007ffc35330000 - 0x00007ffc3533a000 	C:\Windows\SYSTEM32\VERSION.dll
0x00007ffc41d20000 - 0x00007ffc41d32000 	C:\Windows\SYSTEM32\kernel.appcore.dll
0x00007ffc3a820000 - 0x00007ffc3a831000 	E:\Apps\windows\dev\WebStorm 2020.2.3\jbr\bin\verify.dll
0x00007ffc30ac0000 - 0x00007ffc30ca4000 	C:\Windows\SYSTEM32\DBGHELP.DLL
0x00007ffc30500000 - 0x00007ffc3052c000 	C:\Windows\SYSTEM32\dbgcore.DLL
0x00007ffc44410000 - 0x00007ffc44490000 	C:\Windows\System32\bcryptPrimitives.dll
0x00007ffc3a7f0000 - 0x00007ffc3a819000 	E:\Apps\windows\dev\WebStorm 2020.2.3\jbr\bin\java.dll
0x00007ffc3f3c0000 - 0x00007ffc3f3cb000 	E:\Apps\windows\dev\WebStorm 2020.2.3\jbr\bin\jimage.dll
0x00007ffc37bf0000 - 0x00007ffc37c08000 	E:\Apps\windows\dev\WebStorm 2020.2.3\jbr\bin\zip.dll

dbghelp: loaded successfully - version: 4.0.5 - missing functions: none
symbol engine: initialized successfully - sym options: 0x614 - pdb path: .;E:\Apps\windows\dev\WebStorm 2020.2.3\jbr\bin;C:\Windows\SYSTEM32;C:\Windows\WinSxS\amd64_microsoft.windows.common-controls_6595b64144ccf1df_6.0.19041.488_none_ca04af081b815d21;E:\Apps\windows\dev\WebStorm 2020.2.3\jbr\bin\server

VM Arguments:
java_command: org.jetbrains.git4idea.http.GitAskPassApp Username for 'https://github.com': 
java_class_path (initial): E:/Apps/windows/dev/WebStorm 2020.2.3/plugins/git4idea/lib/git4idea-rt.jar;E:/Apps/windows/dev/WebStorm 2020.2.3/lib/xmlrpc-2.0.1.jar;E:/Apps/windows/dev/WebStorm 2020.2.3/lib/commons-codec-1.14.jar
Launcher Type: SUN_STANDARD

[Global flags]
     intx CICompilerCount                          = 3                                         {product} {ergonomic}
     uint ConcGCThreads                            = 1                                         {product} {ergonomic}
     uint G1ConcRefinementThreads                  = 4                                         {product} {ergonomic}
   size_t G1HeapRegionSize                         = 1048576                                   {product} {ergonomic}
    uintx GCDrainStackTargetSize                   = 64                                        {product} {ergonomic}
   size_t InitialHeapSize                          = 134217728                                 {product} {ergonomic}
   size_t MarkStackSize                            = 4194304                                   {product} {ergonomic}
   size_t MaxHeapSize                              = 2122317824                                {product} {ergonomic}
   size_t MaxNewSize                               = 1272971264                                {product} {ergonomic}
   size_t MinHeapDeltaBytes                        = 1048576                                   {product} {ergonomic}
    uintx NonNMethodCodeHeapSize                   = 5830732                                {pd product} {ergonomic}
    uintx NonProfiledCodeHeapSize                  = 122913754                              {pd product} {ergonomic}
    uintx ProfiledCodeHeapSize                     = 122913754                              {pd product} {ergonomic}
    uintx ReservedCodeCacheSize                    = 251658240                              {pd product} {ergonomic}
     bool SegmentedCodeCache                       = true                                      {product} {ergonomic}
     bool UseCompressedClassPointers               = true                                 {lp64_product} {ergonomic}
     bool UseCompressedOops                        = true                                 {lp64_product} {ergonomic}
     bool UseG1GC                                  = true                                      {product} {ergonomic}
     bool UseLargePagesIndividualAllocation        = false                                  {pd product} {ergonomic}

Logging:
Log output configuration:
 #0: stdout all=warning uptime,level,tags
 #1: stderr all=off uptime,level,tags

Environment Variables:
PATH=E:\Apps\windows\dev\git\Git\mingw64\libexec\git-core;E:\Apps\windows\dev\git\Git\mingw64\libexec\git-core;E:\Apps\windows\dev\git\Git\mingw64\bin;E:\Apps\windows\dev\git\Git\usr\bin;C:\Users\abdou\bin;C:\Python39\Scripts;C:\Python39;C:\Program Files (x86)\Common Files\Oracle\Java\javapath;C:\Windows\system32;C:\Windows;C:\Windows\System32\Wbem;C:\Windows\System32\WindowsPowerShell\v1.0;C:\Windows\System32\OpenSSH;E:\Apps\windows\dev\jre\bin;E:\Apps\windows\dev\jdk\bin;E:\Apps\windows\dev\wamp\bin\php\php7.4.9;E:\Apps\windows\dev\wamp\bin\mysql\mysql5.7.31\bin;C:\ProgramData\ComposerSetup\bin;C:\ProgramData\chocolatey\bin;E:\Apps\windows\dev\npm;E:\Apps\windows\dev\Symfony;E:\Apps\windows\dev\postgres\bin;E:\Apps\windows\dev\git\Git\cmd;E:\Apps\windows\dev\bin\php\php7.4.9;E:\Apps\windows\dev\bin\mysql\mysql8.0.21\bin;C:\Users\abdou\AppData\Local\Microsoft\WindowsApps;E:\Apps\windows\dev\jre\bin;E:\Apps\windows\dev\jdk\bin;C:\Users\abdou\AppData\Roaming\Composer\vendor\bin;E:\Apps\windows\dev\IntelliJ IDEA 2020.2.3\bin;E:\Apps\windows\dev\PhpStorm 2020.2.3\bin;C:\Users\abdou\AppData\Roaming\npm;E:\Apps\windows\dev\WebStorm 2020.2.3\bin;E:\Apps\windows\dev\Microsoft VS Code\bin;E:\Apps\windows\dev\postgres\bin;E:\Apps\windows\dev\bin\php\php7.4.9;E:\Apps\windows\dev\bin\mysql\mysql8.0.21\bin
USERNAME=abdou
DISPLAY=:0.0
LC_ALL=en_US.UTF-8
OS=Windows_NT
PROCESSOR_IDENTIFIER=Intel64 Family 6 Model 58 Stepping 9, GenuineIntel



---------------  S Y S T E M  ---------------

OS: Windows 10 , 64 bit Build 19041 (10.0.19041.662)
OS uptime: 2 days 0:52 hours

CPU:total 4 (initial active 4) (2 cores per cpu, 2 threads per core) family 6 model 58 stepping 9, cmov, cx8, fxsr, mmx, sse, sse2, sse3, ssse3, sse4.1, sse4.2, popcnt, avx, aes, clmul, erms, ht, tsc, tscinvbit, tscinv

Memory: 4k page, system-wide physical 8094M (442M free)
TotalPageFile size 24465M (AvailPageFile size 0M)
current process WorkingSet (physical memory assigned to process): 15M, peak: 15M
current process commit charge ("private bytes"): 185M, peak: 186M

vm_info: OpenJDK 64-Bit Server VM (11.0.8+10-b944.34) for windows-amd64 JRE (11.0.8+10-b944.34), built on Sep 11 2020 15:32:11 by "" with MS VC++ 14.0 (VS2015)

END.
